<?xml version="1.0" encoding="UTF-8"?>
<!-- Generated by org.testng.reporters.JUnitReportReporter -->
<testsuite hostname="Madhan" failures="0" tests="1" name="com.qa.testscripts.Tc_01Amazon" time="33.740" errors="0" timestamp="2022-12-10T12:32:35 IST" skipped="0">
  <testcase classname="com.qa.testscripts.Tc_01Amazon" name="Scoll" time="33.740"/>
  <system-out/>
</testsuite> <!-- com.qa.testscripts.Tc_01Amazon -->
